======================================================================
FEATURE ENGINEERING REPORT
======================================================================

----------------------------------------------------------------------
Dataset : air_compressor.csv
----------------------------------------------------------------------
Original Columns : 35
Feature Engineering : SUCCESS

----------------------------------------------------------------------
Dataset : battery_storage.csv
----------------------------------------------------------------------
Original Columns : 35
Feature Engineering : SUCCESS

----------------------------------------------------------------------
Dataset : boiler.csv
----------------------------------------------------------------------
Original Columns : 39
Feature Engineering : SUCCESS

----------------------------------------------------------------------
Dataset : grid.csv
----------------------------------------------------------------------
Original Columns : 39
Feature Engineering : SUCCESS

----------------------------------------------------------------------
Dataset : production_line_a_production.csv
----------------------------------------------------------------------
Original Columns : 30
Feature Engineering : SUCCESS

----------------------------------------------------------------------
Dataset : production_line_b_production.csv
----------------------------------------------------------------------
Original Columns : 30
Feature Engineering : SUCCESS

----------------------------------------------------------------------
Dataset : solar_plant.csv
----------------------------------------------------------------------
Original Columns : 30
Feature Engineering : SUCCESS

----------------------------------------------------------------------
Dataset : weather.csv
----------------------------------------------------------------------
Original Columns : 34
Feature Engineering : SUCCESS

======================================================================
SUMMARY
======================================================================
Processed : 8
Failed    : 0
