======================================================================
MISSING VALUE HANDLING REPORT
======================================================================

----------------------------------------------------------------------
Dataset : compressor.csv
----------------------------------------------------------------------
Missing Before : 0
Missing After  : 0
STATUS         : PASSED

----------------------------------------------------------------------
Dataset : hvac.csv
----------------------------------------------------------------------
Missing Before : 0
Missing After  : 0
STATUS         : PASSED

----------------------------------------------------------------------
Dataset : battery_storage.csv
----------------------------------------------------------------------
Missing Before : 0
Missing After  : 0
STATUS         : PASSED

----------------------------------------------------------------------
Dataset : boiler.csv
----------------------------------------------------------------------
Missing Before : 0
Missing After  : 0
STATUS         : PASSED

----------------------------------------------------------------------
Dataset : grid.csv
----------------------------------------------------------------------
Missing Before : 0
Missing After  : 0
STATUS         : PASSED

----------------------------------------------------------------------
Dataset : production_line_a_production.csv
----------------------------------------------------------------------
Missing Before : 0
Missing After  : 0
STATUS         : PASSED

----------------------------------------------------------------------
Dataset : production_line_b_production.csv
----------------------------------------------------------------------
Missing Before : 0
Missing After  : 0
STATUS         : PASSED

----------------------------------------------------------------------
Dataset : solar_plant.csv
----------------------------------------------------------------------
Missing Before : 0
Missing After  : 0
STATUS         : PASSED

----------------------------------------------------------------------
Dataset : weather.csv
----------------------------------------------------------------------
Missing Before : 0
Missing After  : 0
STATUS         : PASSED

======================================================================
SUMMARY
======================================================================
Processed : 9
Failed    : 0
