======================================================================
NORMALIZATION REPORT
======================================================================

----------------------------------------------------------------------
Dataset : compressor.csv
----------------------------------------------------------------------
Normalized Columns : 32
STATUS             : PASSED

----------------------------------------------------------------------
Dataset : hvac.csv
----------------------------------------------------------------------
Normalized Columns : 32
STATUS             : PASSED

----------------------------------------------------------------------
Dataset : battery_storage.csv
----------------------------------------------------------------------
Normalized Columns : 27
STATUS             : PASSED

----------------------------------------------------------------------
Dataset : boiler.csv
----------------------------------------------------------------------
Normalized Columns : 32
STATUS             : PASSED

----------------------------------------------------------------------
Dataset : grid.csv
----------------------------------------------------------------------
Normalized Columns : 32
STATUS             : PASSED

----------------------------------------------------------------------
Dataset : production_line_a_production.csv
----------------------------------------------------------------------
Normalized Columns : 22
STATUS             : PASSED

----------------------------------------------------------------------
Dataset : production_line_b_production.csv
----------------------------------------------------------------------
Normalized Columns : 22
STATUS             : PASSED

----------------------------------------------------------------------
Dataset : solar_plant.csv
----------------------------------------------------------------------
Normalized Columns : 22
STATUS             : PASSED

----------------------------------------------------------------------
Dataset : weather.csv
----------------------------------------------------------------------
Normalized Columns : 27
STATUS             : PASSED

======================================================================
SUMMARY
======================================================================
Processed : 9
Failed    : 0
